<?xml version="1.0" encoding="UTF-8"?>
<!-- Generated by org.testng.reporters.JUnitXMLReporter -->
<testsuite ignored="0" hostname="ankitbhandari" failures="1" tests="18" name="Default test-0" time="211.12" errors="0" timestamp="2024-06-19T16:51:33 IST">
  <testcase classname="tvsconnectframework.Indonesia" name="standardLogin" time="22.044"/>
  <testcase classname="tvsconnectframework.Indonesia" name="standardAddVehicles" time="7.86"/>
  <testcase classname="tvsconnectframework.Indonesia" name="allowAppPermission" time="17.148"/>
  <testcase classname="tvsconnectframework.Indonesia" name="standardMyRides" time="2.005"/>
  <testcase classname="tvsconnectframework.Indonesia" name="standardSettings" time="11.511"/>
  <testcase classname="tvsconnectframework.Indonesia" name="standardUserManual" time="6.92"/>
  <testcase classname="tvsconnectframework.Indonesia" name="standardRideDetails" time="4.225"/>
  <testcase classname="tvsconnectframework.Indonesia" name="displayAllFaq" time="8.468"/>
  <testcase classname="tvsconnectframework.Indonesia" name="standardHowToVideos" time="2.374"/>
  <testcase classname="tvsconnectframework.Indonesia" name="tvsConnectHamburgerOptions" time="13.659">
    <failure type="org.openqa.selenium.StaleElementReferenceException" message="The element &amp;apos;By.id: com.tvsm.connect.southeastasia:id/imgBack&amp;apos; does not exist in DOM anymore
For documentation on this error, please visit: https://www.selenium.dev/documentation/webdriver/troubleshooting/errors#stale-element-reference-exception
Build info: version: &amp;apos;4.13.0&amp;apos;, revision: &amp;apos;ba948ece5b*&amp;apos;
System info: os.name: &amp;apos;Windows 10&amp;apos;, os.arch: &amp;apos;amd64&amp;apos;, os.version: &amp;apos;10.0&amp;apos;, java.version: &amp;apos;17.0.10&amp;apos;
Driver info: io.appium.java_client.android.AndroidDriver
Command: [f1ea66cc8fe7bf85166487f2a4b96cb4e2002bf1, clickElement {id=75bf5266-2276-43b8-b29c-33d79dfdb49b}]
Capabilities {appium:appActivity: com.tvsm.connect.SplashActi..., appium:appPackage: com.tvsm.connect.southeastasia, appium:automationName: uiautomator2, appium:bundleID: com.tvsm.connect.southeastasia, appium:bundleId: com.tvsm.connect.southeastasia, appium:chromedriverPort: 18085, appium:chromedriverPorts: [[18155, 18165]], appium:databaseEnabled: false, appium:desired: {appActivity: com.tvsm.connect.SplashActi..., appPackage: com.tvsm.connect.southeastasia, automationName: uiautomator2, bstack:options: {buildIdentifier: #135, hostName: ankitbhandari, localIdentifier: 19_Jun_1647_ankitbhandari_CqpP}, bundleID: com.tvsm.connect.southeastasia, bundleId: com.tvsm.connect.southeastasia, chromedriverPort: 18085, chromedriverPorts: [[18155, 18165]], deviceName: moto g9 play, disableSuppressAccessibilityService: true, goog:chromeOptions: {}, nativeWebScreenshot: true, newCommandTimeout: 0, platformName: Android, skipServerInstallation: true, systemPort: 8205, udid: ZD22259KSR}, appium:deviceApiLevel: 30, appium:deviceManufacturer: motorola, appium:deviceModel: moto g71 5G, appium:deviceName: ZD22259KSR, appium:deviceScreenDensity: 420, appium:deviceScreenSize: 1080x2400, appium:deviceUDID: ZD22259KSR, appium:disableSuppressAccessibilityService: true, appium:javascriptEnabled: true, appium:locationContextEnabled: false, appium:nativeWebScreenshot: true, appium:networkConnectionEnabled: true, appium:newCommandTimeout: 0, appium:optimalHubUrl: hub-aps.browserstack.com, appium:pixelRatio: 2.625, appium:platformVersion: 11, appium:skipServerInstallation: true, appium:statBarHeight: 100, appium:systemPort: 8205, appium:takesScreenshot: true, appium:udid: ZD22259KSR, appium:viewportRect: {height: 2074, left: 0, top: 100, width: 1080}, appium:warnings: {}, appium:webStorageEnabled: false, bstack:options: {buildIdentifier: #135, hostName: ankitbhandari, localIdentifier: 19_Jun_1647_ankitbhandari_CqpP}, goog:chromeOptions: {}, platformName: ANDROID}
Element: [[AndroidDriver:  on ANDROID (f1ea66cc8fe7bf85166487f2a4b96cb4e2002bf1)] -&amp;gt; id: com.tvsm.connect.southeastasia:id/imgBack]
Session ID: f1ea66cc8fe7bf85166487f2a4b96cb4e2002bf1">
      <![CDATA[org.openqa.selenium.StaleElementReferenceException: The element 'By.id: com.tvsm.connect.southeastasia:id/imgBack' does not exist in DOM anymore
For documentation on this error, please visit: https://www.selenium.dev/documentation/webdriver/troubleshooting/errors#stale-element-reference-exception
Build info: version: '4.13.0', revision: 'ba948ece5b*'
System info: os.name: 'Windows 10', os.arch: 'amd64', os.version: '10.0', java.version: '17.0.10'
Driver info: io.appium.java_client.android.AndroidDriver
Command: [f1ea66cc8fe7bf85166487f2a4b96cb4e2002bf1, clickElement {id=75bf5266-2276-43b8-b29c-33d79dfdb49b}]
Capabilities {appium:appActivity: com.tvsm.connect.SplashActi..., appium:appPackage: com.tvsm.connect.southeastasia, appium:automationName: uiautomator2, appium:bundleID: com.tvsm.connect.southeastasia, appium:bundleId: com.tvsm.connect.southeastasia, appium:chromedriverPort: 18085, appium:chromedriverPorts: [[18155, 18165]], appium:databaseEnabled: false, appium:desired: {appActivity: com.tvsm.connect.SplashActi..., appPackage: com.tvsm.connect.southeastasia, automationName: uiautomator2, bstack:options: {buildIdentifier: #135, hostName: ankitbhandari, localIdentifier: 19_Jun_1647_ankitbhandari_CqpP}, bundleID: com.tvsm.connect.southeastasia, bundleId: com.tvsm.connect.southeastasia, chromedriverPort: 18085, chromedriverPorts: [[18155, 18165]], deviceName: moto g9 play, disableSuppressAccessibilityService: true, goog:chromeOptions: {}, nativeWebScreenshot: true, newCommandTimeout: 0, platformName: Android, skipServerInstallation: true, systemPort: 8205, udid: ZD22259KSR}, appium:deviceApiLevel: 30, appium:deviceManufacturer: motorola, appium:deviceModel: moto g71 5G, appium:deviceName: ZD22259KSR, appium:deviceScreenDensity: 420, appium:deviceScreenSize: 1080x2400, appium:deviceUDID: ZD22259KSR, appium:disableSuppressAccessibilityService: true, appium:javascriptEnabled: true, appium:locationContextEnabled: false, appium:nativeWebScreenshot: true, appium:networkConnectionEnabled: true, appium:newCommandTimeout: 0, appium:optimalHubUrl: hub-aps.browserstack.com, appium:pixelRatio: 2.625, appium:platformVersion: 11, appium:skipServerInstallation: true, appium:statBarHeight: 100, appium:systemPort: 8205, appium:takesScreenshot: true, appium:udid: ZD22259KSR, appium:viewportRect: {height: 2074, left: 0, top: 100, width: 1080}, appium:warnings: {}, appium:webStorageEnabled: false, bstack:options: {buildIdentifier: #135, hostName: ankitbhandari, localIdentifier: 19_Jun_1647_ankitbhandari_CqpP}, goog:chromeOptions: {}, platformName: ANDROID}
Element: [[AndroidDriver:  on ANDROID (f1ea66cc8fe7bf85166487f2a4b96cb4e2002bf1)] -> id: com.tvsm.connect.southeastasia:id/imgBack]
Session ID: f1ea66cc8fe7bf85166487f2a4b96cb4e2002bf1
at java.base/jdk.internal.reflect.NativeConstructorAccessorImpl.newInstance0(Native Method)
at java.base/jdk.internal.reflect.NativeConstructorAccessorImpl.newInstance(NativeConstructorAccessorImpl.java:77)
at java.base/jdk.internal.reflect.DelegatingConstructorAccessorImpl.newInstance(DelegatingConstructorAccessorImpl.java:45)
at java.base/java.lang.reflect.Constructor.newInstanceWithCaller(Constructor.java:499)
at java.base/java.lang.reflect.Constructor.newInstance(Constructor.java:480)
at org.openqa.selenium.remote.codec.w3c.W3CHttpResponseCodec.createException(W3CHttpResponseCodec.java:200)
at org.openqa.selenium.remote.codec.w3c.W3CHttpResponseCodec.decode(W3CHttpResponseCodec.java:133)
at org.openqa.selenium.remote.codec.w3c.W3CHttpResponseCodec.decode(W3CHttpResponseCodec.java:52)
at org.openqa.selenium.remote.HttpCommandExecutor.execute(HttpCommandExecutor.java:191)
at io.appium.java_client.remote.AppiumCommandExecutor.execute(AppiumCommandExecutor.java:250)
at org.openqa.selenium.remote.RemoteWebDriver.execute(RemoteWebDriver.java:602)
at org.openqa.selenium.remote.RemoteWebElement.execute(RemoteWebElement.java:224)
at org.openqa.selenium.remote.RemoteWebElement.click(RemoteWebElement.java:77)
at tvsframework.utils.AndroidActions.mainMenuClick(AndroidActions.java:38)
at tvsconnectframework.Indonesia.tvsConnectHamburgerOptions(Indonesia.java:220)
at java.base/jdk.internal.reflect.NativeMethodAccessorImpl.invoke0(Native Method)
at java.base/jdk.internal.reflect.NativeMethodAccessorImpl.invoke(NativeMethodAccessorImpl.java:77)
at java.base/jdk.internal.reflect.DelegatingMethodAccessorImpl.invoke(DelegatingMethodAccessorImpl.java:43)
at java.base/java.lang.reflect.Method.invoke(Method.java:568)
at org.testng.internal.invokers.MethodInvocationHelper.invokeMethod(MethodInvocationHelper.java:139)
at org.testng.internal.invokers.TestInvoker.invokeMethod(TestInvoker.java:664)
at org.testng.internal.invokers.TestInvoker.invokeTestMethod(TestInvoker.java:228)
at org.testng.internal.invokers.MethodRunner.runInSequence(MethodRunner.java:63)
at org.testng.internal.invokers.TestInvoker$MethodInvocationAgent.invoke(TestInvoker.java:961)
at org.testng.internal.invokers.TestInvoker.invokeTestMethods(TestInvoker.java:201)
at org.testng.internal.invokers.TestMethodWorker.invokeTestMethods(TestMethodWorker.java:148)
at org.testng.internal.invokers.TestMethodWorker.run(TestMethodWorker.java:128)
at java.base/java.util.ArrayList.forEach(ArrayList.java:1511)
at org.testng.TestRunner.privateRun(TestRunner.java:819)
at org.testng.TestRunner.run(TestRunner.java:619)
at org.testng.SuiteRunner.runTest(SuiteRunner.java:443)
at org.testng.SuiteRunner$SuiteWorker.run(SuiteRunner.java:481)
at org.testng.internal.thread.ThreadUtil.lambda$execute$0(ThreadUtil.java:58)
at java.base/java.util.concurrent.FutureTask.run(FutureTask.java:264)
at java.base/java.util.concurrent.ThreadPoolExecutor.runWorker(ThreadPoolExecutor.java:1136)
at java.base/java.util.concurrent.ThreadPoolExecutor$Worker.run(ThreadPoolExecutor.java:635)
at java.base/java.lang.Thread.run(Thread.java:840)
]]>
    </failure>
  </testcase> <!-- tvsConnectHamburgerOptions -->
  <testcase classname="tvsconnectframework.Indonesia" name="feedBackSubmission" time="5.659"/>
  <testcase classname="tvsconnectframework.Indonesia" name="racingAddVehicles" time="9.142"/>
  <testcase classname="tvsconnectframework.Indonesia" name="racingMyRides" time="1.637"/>
  <testcase classname="tvsconnectframework.Indonesia" name="racingSettings" time="9.168"/>
  <testcase classname="tvsconnectframework.Indonesia" name="racingUserManual" time="4.429"/>
  <testcase classname="tvsconnectframework.Indonesia" name="racingRideDetails" time="3.905"/>
  <testcase classname="tvsconnectframework.Indonesia" name="racingHowToVideos" time="4.59"/>
  <testcase classname="tvsconnectframework.Indonesia" name="indoEditProfile" time="5.519"/>
</testsuite> <!-- Default test-0 -->
