<?xml version="1.0" encoding="UTF-8"?>
<!-- Generated by org.testng.reporters.JUnitXMLReporter -->
<testsuite ignored="0" hostname="ankitbhandari" failures="0" tests="18" name="Indonesia Test" time="24.329" errors="0" timestamp="2024-06-19T14:51:33 IST">
  <testcase classname="tvsframework.utils.BaseTest" name="@BeforeTest configureAppium" time="24.137">
    <failure type="org.openqa.selenium.SessionNotCreatedException" message="Could not start a new session. Response code 500. Message: An unknown server-side error occurred while processing the command. Original error: Could not find a connected Android device in 20092ms. 
Host info: host: &amp;apos;ANKITBHANDARI&amp;apos;, ip: &amp;apos;192.168.1.176&amp;apos;
Build info: version: &amp;apos;4.13.0&amp;apos;, revision: &amp;apos;ba948ece5b*&amp;apos;
System info: os.name: &amp;apos;Windows 10&amp;apos;, os.arch: &amp;apos;amd64&amp;apos;, os.version: &amp;apos;10.0&amp;apos;, java.version: &amp;apos;17.0.10&amp;apos;
Driver info: io.appium.java_client.android.AndroidDriver
Command: [null, newSession {capabilities=[{appium:deviceName=Moto G9 Play, platformName=ANDROID, appium:automationName=UIAutomator2, appium:app=C:\appiumTVSConnect\src\test\java\resources\TVSConnect-3.1.0-southEastAsiaProd-release.apk}], desiredCapabilities=Capabilities {appium:app: C:\appiumTVSConnect\src\tes..., appium:automationName: UIAutomator2, appium:deviceName: Moto G9 Play, platformName: ANDROID}}]
Capabilities {appium:app: C:\appiumTVSConnect\src\tes..., appium:automationName: UIAutomator2, appium:deviceName: Moto G9 Play, platformName: ANDROID}">
      <![CDATA[org.openqa.selenium.SessionNotCreatedException: Could not start a new session. Response code 500. Message: An unknown server-side error occurred while processing the command. Original error: Could not find a connected Android device in 20092ms. 
Host info: host: 'ANKITBHANDARI', ip: '192.168.1.176'
Build info: version: '4.13.0', revision: 'ba948ece5b*'
System info: os.name: 'Windows 10', os.arch: 'amd64', os.version: '10.0', java.version: '17.0.10'
Driver info: io.appium.java_client.android.AndroidDriver
Command: [null, newSession {capabilities=[{appium:deviceName=Moto G9 Play, platformName=ANDROID, appium:automationName=UIAutomator2, appium:app=C:\appiumTVSConnect\src\test\java\resources\TVSConnect-3.1.0-southEastAsiaProd-release.apk}], desiredCapabilities=Capabilities {appium:app: C:\appiumTVSConnect\src\tes..., appium:automationName: UIAutomator2, appium:deviceName: Moto G9 Play, platformName: ANDROID}}]
Capabilities {appium:app: C:\appiumTVSConnect\src\tes..., appium:automationName: UIAutomator2, appium:deviceName: Moto G9 Play, platformName: ANDROID}
at org.openqa.selenium.remote.ProtocolHandshake.createSession(ProtocolHandshake.java:140)
at io.appium.java_client.remote.AppiumProtocolHandshake.createSession(AppiumProtocolHandshake.java:133)
at io.appium.java_client.remote.AppiumProtocolHandshake.createSession(AppiumProtocolHandshake.java:102)
at io.appium.java_client.remote.AppiumCommandExecutor.createSession(AppiumCommandExecutor.java:182)
at io.appium.java_client.remote.AppiumCommandExecutor.execute(AppiumCommandExecutor.java:250)
at org.openqa.selenium.remote.RemoteWebDriver.execute(RemoteWebDriver.java:602)
at io.appium.java_client.AppiumDriver.startSession(AppiumDriver.java:274)
at org.openqa.selenium.remote.RemoteWebDriver.<init>(RemoteWebDriver.java:163)
at io.appium.java_client.AppiumDriver.<init>(AppiumDriver.java:89)
at io.appium.java_client.AppiumDriver.<init>(AppiumDriver.java:101)
at io.appium.java_client.android.AndroidDriver.<init>(AndroidDriver.java:113)
at tvsframework.utils.BaseTest.configureAppium(BaseTest.java:40)
... Removed 28 stack frames]]>
    </failure>
  </testcase> <!-- @BeforeTest configureAppium -->
  <testcase classname="tvsconnectframework.Indonesia" name="standardLogin" time="0.0">
    <skipped/>
  </testcase> <!-- standardLogin -->
  <testcase classname="tvsconnectframework.Indonesia" name="standardAddVehicles" time="0.0">
    <skipped/>
  </testcase> <!-- standardAddVehicles -->
  <testcase classname="tvsconnectframework.Indonesia" name="allowAppPermission" time="0.0">
    <skipped/>
  </testcase> <!-- allowAppPermission -->
  <testcase classname="tvsconnectframework.Indonesia" name="standardMyRides" time="0.0">
    <skipped/>
  </testcase> <!-- standardMyRides -->
  <testcase classname="tvsconnectframework.Indonesia" name="standardSettings" time="0.0">
    <skipped/>
  </testcase> <!-- standardSettings -->
  <testcase classname="tvsconnectframework.Indonesia" name="standardUserManual" time="0.0">
    <skipped/>
  </testcase> <!-- standardUserManual -->
  <testcase classname="tvsconnectframework.Indonesia" name="standardRideDetails" time="0.0">
    <skipped/>
  </testcase> <!-- standardRideDetails -->
  <testcase classname="tvsconnectframework.Indonesia" name="displayAllFaq" time="0.0">
    <skipped/>
  </testcase> <!-- displayAllFaq -->
  <testcase classname="tvsconnectframework.Indonesia" name="standardHowToVideos" time="0.0">
    <skipped/>
  </testcase> <!-- standardHowToVideos -->
  <testcase classname="tvsconnectframework.Indonesia" name="tvsConnectHamburgerOptions" time="0.0">
    <skipped/>
  </testcase> <!-- tvsConnectHamburgerOptions -->
  <testcase classname="tvsconnectframework.Indonesia" name="feedBackSubmission" time="0.0">
    <skipped/>
  </testcase> <!-- feedBackSubmission -->
  <testcase classname="tvsconnectframework.Indonesia" name="racingAddVehicles" time="0.0">
    <skipped/>
  </testcase> <!-- racingAddVehicles -->
  <testcase classname="tvsconnectframework.Indonesia" name="racingMyRides" time="0.0">
    <skipped/>
  </testcase> <!-- racingMyRides -->
  <testcase classname="tvsconnectframework.Indonesia" name="racingSettings" time="0.0">
    <skipped/>
  </testcase> <!-- racingSettings -->
  <testcase classname="tvsconnectframework.Indonesia" name="racingUserManual" time="0.0">
    <skipped/>
  </testcase> <!-- racingUserManual -->
  <testcase classname="tvsconnectframework.Indonesia" name="racingRideDetails" time="0.0">
    <skipped/>
  </testcase> <!-- racingRideDetails -->
  <testcase classname="tvsconnectframework.Indonesia" name="racingHowToVideos" time="0.0">
    <skipped/>
  </testcase> <!-- racingHowToVideos -->
  <testcase classname="tvsconnectframework.Indonesia" name="indoEditProfile" time="0.0">
    <skipped/>
  </testcase> <!-- indoEditProfile -->
</testsuite> <!-- Indonesia Test -->
