<?xml version="1.0" encoding="UTF-8"?>
<!-- Generated by org.testng.reporters.JUnitXMLReporter -->
<testsuite ignored="1" hostname="ankitbhandari" failures="0" tests="8" name="StandardEditions Test" time="131.879" errors="0" timestamp="2024-01-02T17:01:05 IST">
  <testcase classname="ORG.tvsframework.StandardEditions" name="standardLogin" time="15.718"/>
  <testcase classname="ORG.tvsframework.StandardEditions" name="standardAddVehicles" time="17.222"/>
  <testcase classname="ORG.tvsframework.StandardEditions" name="standardMyRides" time="3.456"/>
  <testcase classname="ORG.tvsframework.StandardEditions" name="standardSettings" time="13.991"/>
  <testcase classname="ORG.tvsframework.StandardEditions" name="standardUserManual" time="11.552"/>
  <testcase classname="ORG.tvsframework.StandardEditions" name="standardRideDetails" time="7.893"/>
  <testcase classname="ORG.tvsframework.StandardEditions" name="standardHowToVideos" time="4.282"/>
  <testcase classname="ORG.tvsframework.StandardEditions" name="standardHamburgerOptions" time="30.9"/>
  <testcase classname="ORG.tvsframework.StandardEditions" name="standardLastParkLocation" time="0.0">
    <ignored/>
  </testcase> <!-- standardLastParkLocation -->
</testsuite> <!-- StandardEditions Test -->
